Picked up JAVA_TOOL_OPTIONS: -Xmx2576m
Spark Command: /home/gitpod/.sdkman/candidates/java/current/bin/java -cp /workspace/LivyDemo/spark-2.4.8-bin-hadoop2.7/conf/:/workspace/LivyDemo/spark-2.4.8-bin-hadoop2.7/jars/* -Xmx1g org.apache.spark.deploy.master.Master --host ws-1f45ed94-d768-4606-9a43-700442465671 --port 7077 --webui-port 8080
========================================
Picked up JAVA_TOOL_OPTIONS: -Xmx2576m
Using Spark's default log4j profile: org/apache/spark/log4j-defaults.properties
21/11/01 05:57:36 INFO Master: Started daemon with process name: 1207@ws-1f45ed94-d768-4606-9a43-700442465671
21/11/01 05:57:36 INFO SignalUtils: Registered signal handler for TERM
21/11/01 05:57:36 INFO SignalUtils: Registered signal handler for HUP
21/11/01 05:57:36 INFO SignalUtils: Registered signal handler for INT
WARNING: An illegal reflective access operation has occurred
WARNING: Illegal reflective access by org.apache.spark.unsafe.Platform (file:/workspace/LivyDemo/spark-2.4.8-bin-hadoop2.7/jars/spark-unsafe_2.11-2.4.8.jar) to method java.nio.Bits.unaligned()
WARNING: Please consider reporting this to the maintainers of org.apache.spark.unsafe.Platform
WARNING: Use --illegal-access=warn to enable warnings of further illegal reflective access operations
WARNING: All illegal access operations will be denied in a future release
21/11/01 05:57:36 WARN NativeCodeLoader: Unable to load native-hadoop library for your platform... using builtin-java classes where applicable
21/11/01 05:57:36 INFO SecurityManager: Changing view acls to: gitpod
21/11/01 05:57:36 INFO SecurityManager: Changing modify acls to: gitpod
21/11/01 05:57:36 INFO SecurityManager: Changing view acls groups to: 
21/11/01 05:57:36 INFO SecurityManager: Changing modify acls groups to: 
21/11/01 05:57:36 INFO SecurityManager: SecurityManager: authentication disabled; ui acls disabled; users  with view permissions: Set(gitpod); groups with view permissions: Set(); users  with modify permissions: Set(gitpod); groups with modify permissions: Set()
21/11/01 05:57:37 INFO Utils: Successfully started service 'sparkMaster' on port 7077.
21/11/01 05:57:37 INFO Master: Starting Spark master at spark://ws-1f45ed94-d768-4606-9a43-700442465671:7077
21/11/01 05:57:37 INFO Master: Running Spark version 2.4.8
21/11/01 05:57:37 INFO Utils: Successfully started service 'MasterUI' on port 8080.
21/11/01 05:57:37 INFO MasterWebUI: Bound MasterWebUI to 0.0.0.0, and started at http://ws-1f45ed94-d768-4606-9a43-700442465671:8080
21/11/01 05:57:37 INFO Master: I have been elected leader! New state: ALIVE
21/11/01 05:58:08 INFO Master: Registering worker 10.64.8.200:44491 with 6 cores, 11.0 GB RAM
