Picked up JAVA_TOOL_OPTIONS: -Xmx2576m
Spark Command: /home/gitpod/.sdkman/candidates/java/current/bin/java -cp /workspace/LivyDemo/spark-2.4.8-bin-hadoop2.7/conf/:/workspace/LivyDemo/spark-2.4.8-bin-hadoop2.7/jars/* -Xmx1g org.apache.spark.deploy.worker.Worker --webui-port 8081 spark://ws-1f45ed94-d768-4606-9a43-700442465671:7077
========================================
Picked up JAVA_TOOL_OPTIONS: -Xmx2576m
Using Spark's default log4j profile: org/apache/spark/log4j-defaults.properties
21/11/01 05:58:06 INFO Worker: Started daemon with process name: 1359@ws-1f45ed94-d768-4606-9a43-700442465671
21/11/01 05:58:06 INFO SignalUtils: Registered signal handler for TERM
21/11/01 05:58:06 INFO SignalUtils: Registered signal handler for HUP
21/11/01 05:58:06 INFO SignalUtils: Registered signal handler for INT
WARNING: An illegal reflective access operation has occurred
WARNING: Illegal reflective access by org.apache.spark.unsafe.Platform (file:/workspace/LivyDemo/spark-2.4.8-bin-hadoop2.7/jars/spark-unsafe_2.11-2.4.8.jar) to method java.nio.Bits.unaligned()
WARNING: Please consider reporting this to the maintainers of org.apache.spark.unsafe.Platform
WARNING: Use --illegal-access=warn to enable warnings of further illegal reflective access operations
WARNING: All illegal access operations will be denied in a future release
21/11/01 05:58:06 WARN NativeCodeLoader: Unable to load native-hadoop library for your platform... using builtin-java classes where applicable
21/11/01 05:58:06 INFO SecurityManager: Changing view acls to: gitpod
21/11/01 05:58:06 INFO SecurityManager: Changing modify acls to: gitpod
21/11/01 05:58:06 INFO SecurityManager: Changing view acls groups to: 
21/11/01 05:58:06 INFO SecurityManager: Changing modify acls groups to: 
21/11/01 05:58:06 INFO SecurityManager: SecurityManager: authentication disabled; ui acls disabled; users  with view permissions: Set(gitpod); groups with view permissions: Set(); users  with modify permissions: Set(gitpod); groups with modify permissions: Set()
21/11/01 05:58:07 INFO Utils: Successfully started service 'sparkWorker' on port 44491.
21/11/01 05:58:07 INFO Worker: Starting Spark worker 10.64.8.200:44491 with 6 cores, 11.0 GB RAM
21/11/01 05:58:07 INFO Worker: Running Spark version 2.4.8
21/11/01 05:58:07 INFO Worker: Spark home: /workspace/LivyDemo/spark-2.4.8-bin-hadoop2.7
21/11/01 05:58:07 INFO Utils: Successfully started service 'WorkerUI' on port 8081.
21/11/01 05:58:07 INFO WorkerWebUI: Bound WorkerWebUI to 0.0.0.0, and started at http://ws-1f45ed94-d768-4606-9a43-700442465671:8081
21/11/01 05:58:07 INFO Worker: Connecting to master ws-1f45ed94-d768-4606-9a43-700442465671:7077...
21/11/01 05:58:07 INFO TransportClientFactory: Successfully created connection to ws-1f45ed94-d768-4606-9a43-700442465671/10.64.8.200:7077 after 36 ms (0 ms spent in bootstraps)
21/11/01 05:58:08 INFO Worker: Successfully registered with master spark://ws-1f45ed94-d768-4606-9a43-700442465671:7077
